[0m2021.08.20 12:41:25 INFO  Started: Metals version 0.10.5 in workspace '/home/leon/gitskills' for client Visual Studio Code 1.57.1.[0m
[0m2021.08.20 12:41:25 INFO  time: initialize in 0.36s[0m
[0m2021.08.20 12:41:25 WARN  Build server is not auto-connectable.[0m
[0m2021.08.20 12:41:25 WARN  no build tool detected in workspace '/home/leon/gitskills'. The most common cause for this problem is that the editor was opened in the wrong working directory, for example if you use sbt then the workspace directory should contain build.sbt. [0m
[0m2021.08.20 12:41:25 WARN  no build target for: /home/leon/gitskills/HelloWorld.scala[0m
[0m2021.08.20 12:41:30 INFO  no build target: using presentation compiler with only scala-library: 2.12.14[0m
Aug 20, 2021 12:53:41 PM org.eclipse.lsp4j.jsonrpc.services.GenericEndpoint notify
INFO: Unsupported notification method: $/setTrace
Aug 20, 2021 12:53:44 PM org.eclipse.lsp4j.jsonrpc.services.GenericEndpoint notify
INFO: Unsupported notification method: $/setTrace
Aug 20, 2021 12:53:47 PM org.eclipse.lsp4j.jsonrpc.services.GenericEndpoint notify
INFO: Unsupported notification method: $/setTrace
something's wrong: no file:///home/leon/gitskills/HelloWorld.scala in Array[<error>]RangePosition(file:///home/leon/gitskills/HelloWorld.scala, 37, 37, 52)
something's wrong: no file:///home/leon/gitskills/HelloWorld.scala in Array[<error>]RangePosition(file:///home/leon/gitskills/HelloWorld.scala, 37, 37, 52)
something's wrong: no file:///home/leon/gitskills/HelloWorld.scala in Array[<error>]RangePosition(file:///home/leon/gitskills/HelloWorld.scala, 37, 37, 46)
something's wrong: no file:///home/leon/gitskills/HelloWorld.scala in Array[<error>]RangePosition(file:///home/leon/gitskills/HelloWorld.scala, 37, 37, 47)
something's wrong: no file:///home/leon/gitskills/HelloWorld.scala in Array[<error>]RangePosition(file:///home/leon/gitskills/HelloWorld.scala, 37, 37, 50)
something's wrong: no file:///home/leon/gitskills/HelloWorld.scala in Array[String]RangePosition(file:///home/leon/gitskills/HelloWorld.scala, 37, 37, 50)
something's wrong: no file:///home/leon/gitskills/HelloWorld.scala in Array[String]RangePosition(file:///home/leon/gitskills/HelloWorld.scala, 37, 37, 50)
[0m2021.08.20 12:55:29 WARN  no build target for: /home/leon/gitskills/HelloWorld.scala[0m
[0m2021.08.20 12:55:29 WARN  no build target for: /home/leon/gitskills/HelloWorld.scala[0m
[0m2021.08.20 12:55:29 WARN  no build target for: /home/leon/gitskills/HelloWorld.scala[0m
Aug 20, 2021 12:55:39 PM org.eclipse.lsp4j.jsonrpc.services.GenericEndpoint notify
INFO: Unsupported notification method: $/setTrace
Aug 20, 2021 1:14:15 PM org.eclipse.lsp4j.jsonrpc.services.GenericEndpoint notify
INFO: Unsupported notification method: $/setTrace
[0m2021.08.20 13:15:35 INFO  shutting down Metals[0m
